<?xml version="1.0" encoding="UTF-8"?>
<testng-results skipped="0" failed="1" ignored="0" total="3" passed="2">
  <reporter-output>
    <line>
      <![CDATA[<a target = "-blank" href = Sat_Jul_18_18_59_20_IST_2020error.JPG> screenshot</a>]]>
    </line>
  </reporter-output>
  <suite name="DataDrivenTest" duration-ms="12384" started-at="2020-07-18T18:59:27 IST" finished-at="2020-07-18T18:59:40 IST">
    <groups>
    </groups>
    <test name="LoginTest" duration-ms="3481" started-at="2020-07-18T18:59:27 IST" finished-at="2020-07-18T18:59:31 IST">
      <class name="com.thiru.testcases.BankManagerLoginTest">
        <test-method status="FAIL" signature="loginasBM()[pri:0, instance:com.thiru.testcases.BankManagerLoginTest@23d2a7e8]" name="loginasBM" duration-ms="3152" started-at="2020-07-18T18:59:27 IST" finished-at="2020-07-18T18:59:30 IST">
          <exception class="java.lang.AssertionError">
            <message>
              <![CDATA[Login failed]]>
            </message>
            <full-stacktrace>
              <![CDATA[java.lang.AssertionError: Login failed
at org.testng.Assert.fail(Assert.java:97)
at com.thiru.testcases.BankManagerLoginTest.loginasBM(BankManagerLoginTest.java:23)
at sun.reflect.NativeMethodAccessorImpl.invoke0(Native Method)
at sun.reflect.NativeMethodAccessorImpl.invoke(NativeMethodAccessorImpl.java:62)
at sun.reflect.DelegatingMethodAccessorImpl.invoke(DelegatingMethodAccessorImpl.java:43)
at java.lang.reflect.Method.invoke(Method.java:498)
at org.testng.internal.MethodInvocationHelper.invokeMethod(MethodInvocationHelper.java:134)
at org.testng.internal.TestInvoker.invokeMethod(TestInvoker.java:597)
at org.testng.internal.TestInvoker.invokeTestMethod(TestInvoker.java:173)
at org.testng.internal.MethodRunner.runInSequence(MethodRunner.java:46)
at org.testng.internal.TestInvoker$MethodInvocationAgent.invoke(TestInvoker.java:816)
at org.testng.internal.TestInvoker.invokeTestMethods(TestInvoker.java:146)
at org.testng.internal.TestMethodWorker.invokeTestMethods(TestMethodWorker.java:146)
at org.testng.internal.TestMethodWorker.run(TestMethodWorker.java:128)
at java.util.ArrayList.forEach(ArrayList.java:1259)
at org.testng.TestRunner.privateRun(TestRunner.java:766)
at org.testng.TestRunner.run(TestRunner.java:587)
at org.testng.SuiteRunner.runTest(SuiteRunner.java:384)
at org.testng.SuiteRunner.runSequentially(SuiteRunner.java:378)
at org.testng.SuiteRunner.privateRun(SuiteRunner.java:337)
at org.testng.SuiteRunner.run(SuiteRunner.java:286)
at org.testng.SuiteRunnerWorker.runSuite(SuiteRunnerWorker.java:53)
at org.testng.SuiteRunnerWorker.run(SuiteRunnerWorker.java:96)
at org.testng.TestNG.runSuitesSequentially(TestNG.java:1187)
at org.testng.TestNG.runSuitesLocally(TestNG.java:1109)
at org.testng.TestNG.runSuites(TestNG.java:1039)
at org.testng.TestNG.run(TestNG.java:1007)
at org.apache.maven.surefire.testng.TestNGExecutor.run(TestNGExecutor.java:284)
at org.apache.maven.surefire.testng.TestNGXmlTestSuite.execute(TestNGXmlTestSuite.java:75)
at org.apache.maven.surefire.testng.TestNGProvider.invoke(TestNGProvider.java:119)
at org.apache.maven.surefire.booter.ForkedBooter.runSuitesInProcess(ForkedBooter.java:428)
at org.apache.maven.surefire.booter.ForkedBooter.execute(ForkedBooter.java:162)
at org.apache.maven.surefire.booter.ForkedBooter.run(ForkedBooter.java:562)
at org.apache.maven.surefire.booter.ForkedBooter.main(ForkedBooter.java:548)
]]>
            </full-stacktrace>
          </exception> <!-- java.lang.AssertionError -->
          <reporter-output>
            <line>
              <![CDATA[<a target = "-blank" href = Sat_Jul_18_18_59_20_IST_2020error.JPG> screenshot</a>]]>
            </line>
          </reporter-output>
        </test-method> <!-- loginasBM -->
      </class> <!-- com.thiru.testcases.BankManagerLoginTest -->
    </test> <!-- LoginTest -->
    <test name="AddCusmtomerTest" duration-ms="8881" started-at="2020-07-18T18:59:31 IST" finished-at="2020-07-18T18:59:40 IST">
      <class name="com.thiru.testcases.AddCustomerTest">
        <test-method status="PASS" signature="setUp()[pri:0, instance:com.thiru.testcases.AddCustomerTest@eafc191]" name="setUp" is-config="true" duration-ms="7597" started-at="2020-07-18T18:59:20 IST" finished-at="2020-07-18T18:59:27 IST">
          <reporter-output>
          </reporter-output>
        </test-method> <!-- setUp -->
        <test-method status="PASS" signature="addCustomer(java.lang.String, java.lang.String, java.lang.String)[pri:0, instance:com.thiru.testcases.AddCustomerTest@eafc191]" name="addCustomer" duration-ms="4559" started-at="2020-07-18T18:59:31 IST" data-provider="getData" finished-at="2020-07-18T18:59:35 IST">
          <params>
            <param index="0">
              <value>
                <![CDATA[Raghav]]>
              </value>
            </param>
            <param index="1">
              <value>
                <![CDATA[Mital]]>
              </value>
            </param>
            <param index="2">
              <value>
                <![CDATA[A54666]]>
              </value>
            </param>
          </params>
          <reporter-output>
          </reporter-output>
        </test-method> <!-- addCustomer -->
        <test-method status="PASS" signature="addCustomer(java.lang.String, java.lang.String, java.lang.String)[pri:0, instance:com.thiru.testcases.AddCustomerTest@eafc191]" name="addCustomer" duration-ms="4315" started-at="2020-07-18T18:59:35 IST" data-provider="getData" finished-at="2020-07-18T18:59:40 IST">
          <params>
            <param index="0">
              <value>
                <![CDATA[Blki]]>
              </value>
            </param>
            <param index="1">
              <value>
                <![CDATA[Kilop]]>
              </value>
            </param>
            <param index="2">
              <value>
                <![CDATA[B4545]]>
              </value>
            </param>
          </params>
          <reporter-output>
          </reporter-output>
        </test-method> <!-- addCustomer -->
        <test-method status="PASS" signature="tearDown()[pri:0, instance:com.thiru.testcases.AddCustomerTest@eafc191]" name="tearDown" is-config="true" duration-ms="697" started-at="2020-07-18T18:59:40 IST" finished-at="2020-07-18T18:59:40 IST">
          <reporter-output>
          </reporter-output>
        </test-method> <!-- tearDown -->
      </class> <!-- com.thiru.testcases.AddCustomerTest -->
    </test> <!-- AddCusmtomerTest -->
  </suite> <!-- DataDrivenTest -->
</testng-results>
