<?xml version="1.0" encoding="UTF-8"?>
<testng-results skipped="0" failed="1" ignored="0" total="4" passed="3">
  <reporter-output>
    <line>
      <![CDATA[<a target = "-blank" href = Sun_Jul_19_13_35_56_IST_2020error.JPG> screenshot</a>]]>
    </line>
  </reporter-output>
  <suite name="DataDrivenTest" duration-ms="17743" started-at="2020-07-19T13:36:04 IST" finished-at="2020-07-19T13:36:21 IST">
    <groups>
    </groups>
    <test name="LoginTest" duration-ms="3623" started-at="2020-07-19T13:36:04 IST" finished-at="2020-07-19T13:36:07 IST">
      <class name="com.thiru.testcases.BankManagerLoginTest">
        <test-method status="FAIL" signature="loginasBM()[pri:0, instance:com.thiru.testcases.BankManagerLoginTest@2641e737]" name="loginasBM" duration-ms="3273" started-at="2020-07-19T13:36:04 IST" finished-at="2020-07-19T13:36:07 IST">
          <exception class="java.lang.AssertionError">
            <message>
              <![CDATA[Login failed]]>
            </message>
            <full-stacktrace>
              <![CDATA[java.lang.AssertionError: Login failed
at org.testng.Assert.fail(Assert.java:97)
at com.thiru.testcases.BankManagerLoginTest.loginasBM(BankManagerLoginTest.java:23)
at sun.reflect.NativeMethodAccessorImpl.invoke0(Native Method)
at sun.reflect.NativeMethodAccessorImpl.invoke(NativeMethodAccessorImpl.java:62)
at sun.reflect.DelegatingMethodAccessorImpl.invoke(DelegatingMethodAccessorImpl.java:43)
at java.lang.reflect.Method.invoke(Method.java:498)
at org.testng.internal.MethodInvocationHelper.invokeMethod(MethodInvocationHelper.java:135)
at org.testng.internal.TestInvoker.invokeMethod(TestInvoker.java:598)
at org.testng.internal.TestInvoker.invokeTestMethod(TestInvoker.java:174)
at org.testng.internal.MethodRunner.runInSequence(MethodRunner.java:46)
at org.testng.internal.TestInvoker$MethodInvocationAgent.invoke(TestInvoker.java:821)
at org.testng.internal.TestInvoker.invokeTestMethods(TestInvoker.java:147)
at org.testng.internal.TestMethodWorker.invokeTestMethods(TestMethodWorker.java:146)
at org.testng.internal.TestMethodWorker.run(TestMethodWorker.java:128)
at java.util.ArrayList.forEach(ArrayList.java:1259)
at org.testng.TestRunner.privateRun(TestRunner.java:767)
at org.testng.TestRunner.run(TestRunner.java:588)
at org.testng.SuiteRunner.runTest(SuiteRunner.java:384)
at org.testng.SuiteRunner.runSequentially(SuiteRunner.java:378)
at org.testng.SuiteRunner.privateRun(SuiteRunner.java:337)
at org.testng.SuiteRunner.run(SuiteRunner.java:286)
at org.testng.SuiteRunnerWorker.runSuite(SuiteRunnerWorker.java:53)
at org.testng.SuiteRunnerWorker.run(SuiteRunnerWorker.java:96)
at org.testng.TestNG.runSuitesSequentially(TestNG.java:1214)
at org.testng.TestNG.runSuitesLocally(TestNG.java:1136)
at org.testng.TestNG.runSuites(TestNG.java:1066)
at org.testng.TestNG.run(TestNG.java:1034)
at org.testng.remote.AbstractRemoteTestNG.run(AbstractRemoteTestNG.java:115)
at org.testng.remote.RemoteTestNG.initAndRun(RemoteTestNG.java:251)
at org.testng.remote.RemoteTestNG.main(RemoteTestNG.java:77)
]]>
            </full-stacktrace>
          </exception> <!-- java.lang.AssertionError -->
          <reporter-output>
            <line>
              <![CDATA[<a target = "-blank" href = Sun_Jul_19_13_35_56_IST_2020error.JPG> screenshot</a>]]>
            </line>
          </reporter-output>
        </test-method> <!-- loginasBM -->
      </class> <!-- com.thiru.testcases.BankManagerLoginTest -->
    </test> <!-- LoginTest -->
    <test name="AddCusmtomerTest" duration-ms="14102" started-at="2020-07-19T13:36:07 IST" finished-at="2020-07-19T13:36:21 IST">
      <class name="com.thiru.testcases.AddCustomerTest">
        <test-method status="PASS" signature="setUp()[pri:0, instance:com.thiru.testcases.AddCustomerTest@1068e947]" name="setUp" is-config="true" duration-ms="7562" started-at="2020-07-19T13:35:56 IST" finished-at="2020-07-19T13:36:04 IST">
          <reporter-output>
          </reporter-output>
        </test-method> <!-- setUp -->
        <test-method status="PASS" signature="addCustomer(java.lang.String, java.lang.String, java.lang.String)[pri:0, instance:com.thiru.testcases.AddCustomerTest@1068e947]" name="addCustomer" duration-ms="4989" started-at="2020-07-19T13:36:07 IST" data-provider="getDataFromExcel" finished-at="2020-07-19T13:36:12 IST">
          <params>
            <param index="0">
              <value>
                <![CDATA[Raman]]>
              </value>
            </param>
            <param index="1">
              <value>
                <![CDATA[Agarwal]]>
              </value>
            </param>
            <param index="2">
              <value>
                <![CDATA[A4545]]>
              </value>
            </param>
          </params>
          <reporter-output>
          </reporter-output>
        </test-method> <!-- addCustomer -->
        <test-method status="PASS" signature="addCustomer(java.lang.String, java.lang.String, java.lang.String)[pri:0, instance:com.thiru.testcases.AddCustomerTest@1068e947]" name="addCustomer" duration-ms="4507" started-at="2020-07-19T13:36:12 IST" data-provider="getDataFromExcel" finished-at="2020-07-19T13:36:17 IST">
          <params>
            <param index="0">
              <value>
                <![CDATA[dgfg]]>
              </value>
            </param>
            <param index="1">
              <value>
                <![CDATA[dgfg]]>
              </value>
            </param>
            <param index="2">
              <value>
                <![CDATA[A4546]]>
              </value>
            </param>
          </params>
          <reporter-output>
          </reporter-output>
        </test-method> <!-- addCustomer -->
        <test-method status="PASS" signature="addCustomer(java.lang.String, java.lang.String, java.lang.String)[pri:0, instance:com.thiru.testcases.AddCustomerTest@1068e947]" name="addCustomer" duration-ms="4386" started-at="2020-07-19T13:36:17 IST" data-provider="getDataFromExcel" finished-at="2020-07-19T13:36:21 IST">
          <params>
            <param index="0">
              <value>
                <![CDATA[sdfdsf]]>
              </value>
            </param>
            <param index="1">
              <value>
                <![CDATA[dsfg]]>
              </value>
            </param>
            <param index="2">
              <value>
                <![CDATA[A4547]]>
              </value>
            </param>
          </params>
          <reporter-output>
          </reporter-output>
        </test-method> <!-- addCustomer -->
        <test-method status="PASS" signature="tearDown()[pri:0, instance:com.thiru.testcases.AddCustomerTest@1068e947]" name="tearDown" is-config="true" duration-ms="775" started-at="2020-07-19T13:36:21 IST" finished-at="2020-07-19T13:36:22 IST">
          <reporter-output>
          </reporter-output>
        </test-method> <!-- tearDown -->
      </class> <!-- com.thiru.testcases.AddCustomerTest -->
    </test> <!-- AddCusmtomerTest -->
  </suite> <!-- DataDrivenTest -->
</testng-results>
